QUESTION:
What is the repeat rule for MARI 895?

ANSWER:
Coastal Resource Management and Policy Seminar: Marine Sciences (MARI) - MARI
801 is a comprehensive study of marine sciences.

CONTEXT:
[1] Coastal Resource Management and Policy Seminar: Marine Sciences (MARI) - Marine
Sciences (MARI) - MARI 801 - Coastal Resource Management and Policy Seminar

[2] Master's Thesis: Section: Recreation Management and Policy (RMP) - Recreation
Management and Policy (RMP) - RMP 899 - Master's Thesis

[3] Repeat Rule: May be repeated for a maximum of 6 credits. Grade Mode: Graduate
Credit/Fail grading

[4] Advanced Special Topics: Section: Public Policy (PPOL) - Public Policy (PPOL) -
PPOL 897 - Advanced Special Topics

[5] Repeat Rule: May be repeated for a maximum of 6 credits. Equivalent(s): PPOL 997
Grade Mode: Letter Grading

[6] Independent Study in College Teaching: Section: Graduate School (GRAD) -
Graduate School (GRAD) - GRAD 995 - Independent Study in College Teaching

[7] Repeat Rule: May be repeated for a maximum of 12 credits. Grade Mode: Letter
Grading

[8] Independent Study: Section: Education (EDUC) - Education (EDUC) - EDUC 995 -
Independent Study

[9] Repeat Rule: May be repeated for a maximum of 8 credits. Grade Mode: Letter
Grading

================================================================================

QUESTION:
Does HRM 820 have any prerequisites?

ANSWER:
HRM 805 with a minimum grade of B-.

CONTEXT:
[1] Recruitment and Selection: Section: Human Resource Management (HRM) - Human
Resource Management (HRM) - HRM 820 - Recruitment and Selection

[2] Prerequisite(s): HRM 805 with a minimum grade of B-. Grade Mode: Letter Grading

[3] Integrative Capstone: HR Strategy: Section: Human Resource Management (HRM) -
Human Resource Management (HRM) - HRM 850 - Integrative Capstone: HR Strategy

[4] Prerequisite(s): HRM 805 with a minimum grade of B-. Grade Mode: Letter Grading

[5] Recruitment and Selection: agement (HRM) - Human Resource Management (HRM) - HRM
820 - Recruitment and Selection

[6] Credits: 3 In this c ... methods, and evaluation methods. Prerequisite(s): HRM
805 with a minimum grade of B-. ... nning, selection methods, and evaluation
methods. Prerequisite(s): HRM 805 with a minimum grade of B-.

[7] Integrative Capstone: HR Strategy: agement (HRM) - Human Resource Management
(HRM) - HRM 850 - Integrative Capstone: HR Strategy

[8] Credits: 3 A ... rivacy implications is required. Prerequisite(s): HRM 805 with
a minimum grade of B-. ... nt of legal, ethical, and privacy implications is
required. Prerequisite(s): HRM 805 with a minimum grade of ... l, ethical, and
privacy implications is required. Prerequisite(s): HRM 805 with a minimum grade
of B-.

[9] The Successful Healthcare Project: Section: Health Management & Policy (HMP) -
Health Management & Policy (HMP) - HDS 808 - The Successful Healthcare Project

[10] Prerequisite(s): HDS 800 with a minimum grade of B- and HDS 801 with a minimum
grade of B- and HDS 802 with a minimum grade of B- and HDS 803 with a minimum
grade of B-. Grade Mode: Letter Grading

================================================================================

QUESTION:
What is the equivalent of PPOL 812?

ANSWER:
PPOL 812 is the equivalent of ppol 812.

CONTEXT:
[1] Strategies for Policy Impact: Section: Public Policy (PPOL) - Public Policy
(PPOL) - PPOL 812 - Strategies for Policy Impact

[2] Equivalent(s): PPOL 912 Grade Mode: Letter Grading

[3] Fundamentals of Policy Analysis: Section: Public Policy (PPOL) - Public Policy
(PPOL) - PPOL 806 - Fundamentals of Policy Analysis

[4] Equivalent(s): PPOL 906 Grade Mode: Letter Grading

[5] Advanced Special Topics: Section: Public Policy (PPOL) - Public Policy (PPOL) -
PPOL 897 - Advanced Special Topics

[6] Repeat Rule: May be repeated for a maximum of 6 credits. Equivalent(s): PPOL 997
Grade Mode: Letter Grading

[7] Strategies for Policy Impact: Section: Public Policy (PPOL) - Public Policy
(PPOL) - PPOL 812 - Strategies for Policy Impact

[8] Credits: 3 How to develop and implement strategies that drive policy change.
Students will review current campaigns, learn central elements of a successful
campaign to change public policy, and create their own campaign plans.
Equivalent(s): PPOL 912.

[9] Advanced Special Topics: Section: Public Policy (PPOL) - Public Policy (PPOL) -
PPOL 897 - Advanced Special Topics

[10] Credits: 3 Occasional or experimental offerings. Repeat Rule: May be repeated
for a maximum of 6 credits.

================================================================================

QUESTION:
Can I repeat PPOL 897?

ANSWER:
PPOL 897 - Advanced Special Topics: Section: Public Policy (POPOL) – Public
Politics (PPOPOP) 997 Grade Mode: Letter Grading Independent study under the
direction of Carsey faculty member. Requires approval of the advisor and
curriculum committee. May be repeated for a maximum of 6 credits.

CONTEXT:
[1] Advanced Special Topics: Section: Public Policy (PPOL) - Public Policy (PPOL) -
PPOL 897 - Advanced Special Topics

[2] Repeat Rule: May be repeated for a maximum of 6 credits. Equivalent(s): PPOL 997
Grade Mode: Letter Grading

[3] Advanced Special Topics: Section: Public Policy (PPOL) - Public Policy (PPOL) -
PPOL 897 - Advanced Special Topics

[4] Credits: 3 Occasional or experimental offerings. Repeat Rule: May be repeated
for a maximum of 6 credits.

[5] Reading and Research: Section: Public Policy (PPOL) - Public Policy (PPOL) -
PPOL 996 - Reading and Research

[6] Credits: 3 Independent study under the direction of a Carsey faculty member.
Requires approval of the advisor and curriculum committee. May be repeated for
credit. Repeat Rule: May be repeated for a maximum of 6 credits.

[7] Reading and Research: Section: Public Policy (PPOL) - Public Policy (PPOL) -
PPOL 996 - Reading and Research

[8] Repeat Rule: May be repeated for a maximum of 6 credits. Grade Mode: Letter
Grading

[9] Independent Study: Section: Cybersecurity Policy & Risk Management (CPRM) -
Cybersecurity Policy & Risk Management (CPRM) - CPRM 895 - Independent Study

[10] Repeat Rule: May be repeated for a maximum of 6 credits. May be repeated up to 1
time. Grade Mode: Letter Grading

================================================================================

QUESTION:
How many credits is MARI 801?

ANSWER:
For a maximum of 8 credits, the total number of credits is 801 credits.

CONTEXT:
[1] Special Topics: Section: Marine Sciences (MARI) - Marine Sciences (MARI) - MARI
895 - Special Topics

[2] Credits: 1-4 New or specialized topics not normally covered in regular course
offerings. Repeat Rule: May be repeated for a maximum of 8 credits.

[3] Special Topics: Section: Marine Sciences (MARI) - Marine Sciences (MARI) - MARI
995 - Special Topics

[4] Credits: 1-4 Investigations of graduate level problems or topics in marine
science and ocean engineering. Repeat Rule: May be repeated for a maximum of 8
credits.

[5] Resource Management and Policy Practicum: Section: Marine Sciences (MARI) -
Marine Sciences (MARI) - MARI 901 - Resource Management and Policy Practicum

[6] Credits: 1 This course serves as the capstone experience for those enrolled in
Graduate Certificates offered by the Marine School. May be repeated barring
duplication of subject. Grade Mode: Graduate Credit/Fail grading.

[7] Master's Thesis: Section: Natural Resources (NR) - Natural Resources (NR) - NR
899 - Master's Thesis

[8] Credits: 1-10 Master's Thesis. Usually 6 credits, but up to 10 credits when the
problem warrants. Repeat Rule: May be repeated for a maximum of 10 credits.

[9] Topics: Section: Accounting and Finance (ACFI) - Accounting and Finance (ACFI) -
ACFI 896 - Topics

[10] Credits: 3 Special topics. Repeat Rule: May be repeated for a maximum of 12
credits.

================================================================================

QUESTION:
What is the grade mode for PHYS 899?

ANSWER:
Grade Mode: Letter Grading Statistical Physics: Section: Physics (PHYS) - PHYS
931 with a minimum grade of B-.

CONTEXT:
[1] Independent Study: Section: Physics (PHYS) - Physics (PHYS) - PHYS 895 -
Independent Study

[2] Credits: 1-8 Individual project under direction of a faculty adviser. Grade
Mode: Letter Grading

[3] Experimental Physics: Section: Physics (PHYS) - Physics (PHYS) - PHYS 805 -
Experimental Physics

[4] Repeat Rule: May be repeated up to 1 time. Grade Mode: Letter Grading

[5] High Energy Astrophysics: Section: Physics (PHYS) - Physics (PHYS) - PHYS 988 -
High Energy Astrophysics

[6] Prerequisite(s): PHYS 810 with a minimum grade of B-. Grade Mode: Letter Grading

[7] Statistical Physics: Section: Physics (PHYS) - Physics (PHYS) - PHYS 935 -
Statistical Physics

[8] Prerequisite(s): PHYS 931 with a minimum grade of B- and PHYS 939 with a minimum
grade of B- and PHYS 943 with a minimum grade of B-. Grade Mode: Letter Grading

[9] Astrophysics I: Section: Physics (PHYS) - Physics (PHYS) - PHYS 810 -
Astrophysics I

[10] Equivalent(s): EOS 810 Grade Mode: Letter Grading

================================================================================

QUESTION:
What is the grade mode for PHYS 895?

ANSWER:
Grade Mode: Letter Grading Advanced Solid-State Physics: Section: Physics (PHYS)
- PHYS 805 – Experimental Physics Repeat Rule: May be repeated up to 1 time.

CONTEXT:
[1] Independent Study: Section: Physics (PHYS) - Physics (PHYS) - PHYS 895 -
Independent Study

[2] Credits: 1-8 Individual project under direction of a faculty adviser. Grade
Mode: Letter Grading

[3] Experimental Physics: Section: Physics (PHYS) - Physics (PHYS) - PHYS 805 -
Experimental Physics

[4] Repeat Rule: May be repeated up to 1 time. Grade Mode: Letter Grading

[5] Advanced Solid-State Physics: Section: Physics (PHYS) - Physics (PHYS) - PHYS
965 - Advanced Solid-State Physics

[6] Prerequisite(s): PHYS 935 with a minimum grade of B- and PHYS 941 with a minimum
grade of B- and PHYS 943 with a minimum grade of B-. Grade Mode: Letter Grading

[7] High Energy Astrophysics: Section: Physics (PHYS) - Physics (PHYS) - PHYS 988 -
High Energy Astrophysics

[8] Prerequisite(s): PHYS 810 with a minimum grade of B-. Grade Mode: Letter Grading

[9] Astrophysics I: Section: Physics (PHYS) - Physics (PHYS) - PHYS 810 -
Astrophysics I

[10] Equivalent(s): EOS 810 Grade Mode: Letter Grading

================================================================================

QUESTION:
How many credits is GEN 806?

ANSWER:
GEN 806 - Human Genetics Credits: 4 Genetic basis of hum ... semester of
genetics recommended. Equivalent(s): ANSC 806. Master's Thesis. Usually 6
credits, but up to 10 credits when the problem warrants.

CONTEXT:
[1] Human Genetics: Section: Genetics (GEN) - Genetics (GEN) - GEN 806 - Human
Genetics

[2] Credits: 4 Genetic basis of hum ... semester of genetics recommended.
Equivalent(s): ANSC 806

[3] Master's Thesis: Section: Natural Resources (NR) - Natural Resources (NR) - NR
899 - Master's Thesis

[4] Credits: 1-10 Master's Thesis. Usually 6 credits, but up to 10 credits when the
problem warrants. Repeat Rule: May be repeated for a maximum of 10 credits.

[5] Molecular Genetics: Section: Genetics (GEN) - Genetics (GEN) - GEN 871 -
Molecular Genetics

[6] Credits: 4 Structure, organ ... semester of genetics recommended. Equivalent(s):
BCHM 871

[7] Human Genetics: Section: Genetics (GEN) - Genetics (GEN) - GEN 806 - Human
Genetics

[8] Equivalent(s): ANSC 806 Grade Mode: Letter Grading

[9] Population Genetics Lab: Section: Genetics (GEN) - Genetics (GEN) - GEN 825 -
Population Genetics Lab

[10] Credits: 2 Hands-on approach to exploration of evolutionary forces affecting the
frequency and distribution of genetic variation in natural populations. One
semester of genetics and one semester of statistics recommended. Co-requisite:
GEN 805.

================================================================================

QUESTION:
How many credits is GEN 825?

ANSWER:
GEN 825 has 9 credits.

CONTEXT:
[1] Population Genetics Lab: Section: Genetics (GEN) - Genetics (GEN) - GEN 825 -
Population Genetics Lab

[2] Credits: 2 Hands-on approach to exploration of evolutionary forces affecting the
frequency and distribution of genetic variation in natural populations. One
semester of genetics and one semester of statistics recommended. Co-requisite:
GEN 805.

[3] Molecular Genetics: Section: Genetics (GEN) - Genetics (GEN) - GEN 871 -
Molecular Genetics

[4] Credits: 4 Structure, organ ... semester of genetics recommended. Equivalent(s):
BCHM 871

[5] Population Genetics Lab: Section: Genetics (GEN) - Genetics (GEN) - GEN 825 -
Population Genetics Lab

[6] Co-requisite: GEN 805 Grade Mode: Letter Grading Special Fee: Yes

[7] Graduate Co-op Experience: Section: Biotechnology (BIOT) - Biotechnology (BIOT)
- BIOT 895 - Graduate Co-op Experience

[8] Repeat Rule: May be repeated for a maximum of 9 credits. May be repeated up to 2
times. Grade Mode: Letter Grading

[9] Graduate Independent Study: or. Repeat Rule: May be repeated for a maximum of 4
credits. ... on: Biotechnology (BIOT) - Biotechnology (BIOT) - BIOT 888 -
Graduate Independent Study

[10] Credits: 1-4 Advanc

================================================================================

QUESTION:
Does the Genetics program offer both M.S. and Ph.D. degrees?

ANSWER:
The Ph.D. program is offered in Durham.

CONTEXT:
[1] Degrees Offered: Ph.D., M.S.: Section: Genetics (GEN) - Genetics (GEN) - Degrees
Offered: Ph. The Graduate Program in Genetics offers: Admission Requirements An
applicant is expected to have completed basic courses in chemistry, biological
sciences, mathematics, and physics. If possible, the personal statement should
specify the applicant's research interests and names of potential faculty
mentors.

[2] Degrees Offered: Ph.D., M.S.: Section: Genetics (GEN) - Genetics (GEN) - Degrees
Offered: Ph. This program is offered in Durham. Distinctive Features of the
Program.

[3] Genetics (Ph.D.): Section: Genetics (Ph.D.) - Genetics (Ph.D.)

[4] Students admitted to the Ph.D. Program are typically supported by Research
Assistantships or Teaching Assistantships Intramural summer and academic year
fellowships are available on a competitive basis.

[5] Graduates of the Genetics Ph.D. degree program will be able to:: Section:
Genetics (Ph.D.) - Genetics (Ph.D.) - Graduates of the Genetics Ph.D. degree
program will be able to:

[6] Describe general concepts of genetics. Demonstrate the ability to design,
execute, and analyze research in their area of specialization within genetics.
Critically evaluate and form conclusions based on genetic or genomic data.

[7] Degrees Offered: Ph.D., M.S.: Section: Genetics (GEN) - Genetics (GEN) - Degrees
Offered: Ph.D., M.S.

[8] Outstanding research training in many cutting-edge research areas in molecular
and evolutionary genetics, genomics, and bioinformatics. Weekly seminar series
that includes both distinguished invited speakers and graduate student research
presentations. Opportunities to gain experience teaching and mentoring
undergraduate students in the biological sciences. Strong track record for
graduates attaining successful careers in academia, biomedical research
institutes, biotechnology and pharmaceutical companies, and state and federal
governmental agencies.

================================================================================

QUESTION:
What courses are offered for Life Sciences and Agriculture (LSA)?

ANSWER:
Agricultural Sciences graduate programs prepare students to become highly
knowledgeable and competent in professional fields related to agriculture and
food systems, and leaders in collaborative and interdisciplinary efforts to
address local, regional, national and/or global agricultural issues.

CONTEXT:
[1] Life Sciences & Agriculture (LSA): Section: Life Sciences & Agriculture (LSA) -
Life Sciences & Agriculture (LSA)

[2] Visit the Course Schedule Search website to find out when courses will be
offered during the academic year. Read more about the courses within this
subject prefix in the descriptions provided below. No courses are currently
active in the course inventory for this subject prefix.

[3] Degrees offered: Master of Science (M.S.) and Doctor of Philosophy (Ph.D.):
Section: Agricultural Sciences (ANFS) - Agricultural Sciences (ANFS) - Degrees
offered: Master of Science (M.S.) and Doctor of Philosophy (Ph.D.)

[4] Emphasis is placed on acquiring basic and practical knowledge and research
experience in one or more of the diverse components of plant and animal
agriculture and food systems including: breeding and genetics, physiology,
environmental interactions, organismal health, field and greenhouse production,
protected agriculture, and the social and economic dimensions of food production
and distribution systems. The agricultural sciences graduate programs prepare
students to become highly knowledgeable and competent in professional fields
related to agriculture and food systems, and leaders in collaborative and
interdisciplinary efforts to address local, regional, national and/or global
agricultural issues. With a M.S. or Ph.D. in Agricultural Sciences, students may
pursue careers in plant and animal agriculture, food production and distribution
systems, teaching, public service, positions in federal, state, nonprofit,
private organizations, and/or related fields.

[5] Agricultural Sciences (M.S.): Section: Agricultural Sciences (M.S.) -
Agricultural Sciences (M.S.)

[6] https://colsa.unh.edu/agriculture-nutrition-food-
systems/program/ms/agricultural-sciences The Master of Science (M.S.) in
Agricultural Sciences graduate program offered by the Department of Agriculture,
Nutrition, and Food Systems (ANFS) offers a flexible course of study that
provides education and research experience in plant and animal agriculture,
aquaculture, food systems, and related fields. Emphasis is placed on acquiring
basic and practical knowledge and research experience in one of the following
core emphasis areas:

[7] Agricultural Sciences (Ph.D.): Section: Agricultural Sciences (Ph.D.) -
Agricultural Sciences (Ph.D.)

[8] 1. Core Course Requirements: To be taken at the earliest opportunity, typically
in the initial fall semester of the program. All students are required to
register and participate for a minimum of 3 credits.

[9] Agricultural Sciences (Ph.D.): Section: Agricultural Sciences (Ph.D.) -
Agricultural Sciences (Ph.D.)

[10] https://colsa.unh.edu/agriculture-nutrition-food-
systems/program/phd/agricultural-sciences The Doctor of Philosophy (Ph.D.) in
Agricultural Sciences graduate program offers a flexible course of study that
provides education and research experience plant and animal agriculture, food
systems, and related fields. Graduate students are engaged in an
interdisciplinary department focusing on the farm to fork wellness continuum and
an integrated approach to solving problems. Students will also develop
independent and team research experience. Our faculty offer education and
research opportunities in the diverse components of food systems, and plant and
animal agricultural systems including breeding and genetics, physiology,
environmental interactions, protected agriculture, organismal health,
agroecology, and pathology. Beyond the classroom and the lab, students will hone
communication skills that are essential for professional scientists through
teaching, extension, and outreach opportunities with stakeholders and
constituents.

================================================================================

QUESTION:
How many credits is Mathematical Economics?

ANSWER:
99.

CONTEXT:
[1] Topics in Mathematics and Statistics: Section: Mathematics & Statistics (MATH) -
Mathematics & Statistics (MATH) - MATH 896 - Topics in Mathematics and
Statistics

[2] Credits: 1-4 New or specialized courses not covered in regular course offerings.
Repeat Rule: May be repeated for a maximum of 99 credits.

[3] Economics (M.S.): Section: Economics (M.S.) - Economics (M.S.)

[4] The program requires a minimum of 32 credit hours of coursework and a capstone
experience. All students must complete four core classes. Course is offered in
the first two weeks of the Fall semester and involves in-class and online
learning. It provides the mathematical foundation needed for the fall theory and
econometrics classes. Course is scheduled on an 8-week term calendar and entails
32 hours of contact time.

[5] Topics in Mathematics Education II: Section: Mathematics & Statistics (MATH) -
Mathematics & Statistics (MATH) - MATH 978 - Topics in Mathematics Education II

[6] Credits: 1-3 An exploration of an area of research in mathematics education.
Repeat Rule: May be repeated for a maximum of 99 credits.

[7] Graduate Economics Seminar: Section: Economics (ECON) - Economics (ECON) - ECON
988 - Graduate Economics Seminar

[8] Credits: 0-4 Attend weekly graduate economics seminars; write reviews and
critiques of seminar papers; participate in discussion at seminars. May be
repeated up to a maximum of 4 credits for Masters students and up to 8 credits
for Ph.D. students. Repeat Rule: May be repeated for a maximum of 8 credits. May
be repeated up to 4 times.

[9] Directed Reading: er. Repeat Rule: May be repeated for a maximum of 6 credits.
... istics (MATH) - Mathematics & Statistics (MATH) - MATH 929 - Directed
Reading

[10] Credits: 1-3 A directed readi

================================================================================

QUESTION:
Does Analytical Economics in Practice have any co-requisites?

ANSWER:
ECON 927 Prerequisites: ECon 926 with a minimum grade of D- or ADMN 970, and
econometric methods using programming languages to analyze and draw valid
conclusions from data. Demonstrate an ability to formulate well-designed
research projects.

CONTEXT:
[1] Analytical Economics in Practice: Section: Economics (ECON) - Economics (ECON) -
ECON 890 - Analytical Economics in Practice

[2] Co-requisite: ECON 927 Prerequisite(s): ECON 926 with a minimum grade of B- and
ECON 976 with a minimum grade of B-. Grade Mode: Letter Grading

[3] Analytical Economics in Practice: Section: Economics (ECON) - Economics (ECON) -
ECON 890 - Analytical Economics in Practice

[4] Credits: 3 Th ... nternship and/or corporate project. Co-requisite: ECON 927

[5] Core Competencies: Section: Economics (M.S.) - Economics (M.S.) - Core
Competencies

[6] Utilize economic theory to formulate and solve optimization problems for
consumer and firm decision making (e.g., marginal analysis). Apply statistical
and econometric methods using programming languages to analyze and draw valid
conclusions from data. Demonstrate an ability to formulate well-designed
research projects.

[7] Industry Track: Section: Economics (M.S.) - Economics (M.S.) - Industry Track

[8] Apply principles of data analytics to store, manage, and visualize large
datasets. Identify and demonstrate how economic theory, econometrics, and data
analytics can be applied to decision making at an enterprise level.

[9] Macroeconomic Consulting: Section: Economics (ECON) - Economics (ECON) - ECON
871 - Macroeconomic Consulting

[10] Prerequisite(s): ECON 611 with a minimum grade of D- or ADMN 970 with a minimum
grade of B-. Grade Mode: Letter Grading

================================================================================

QUESTION:
What are the prerequisites for Environmental Valuation?

ANSWER:
Environmental Valuation Credits: 4 Focuses on the theory and methods for
estimating the economic values of environmental resources and public goods (such
as clean air and water, preservation of wetlands or coastal resources, etc.)
many of which are not exchanged in established markets and therefore do not have
prices associated with them.

CONTEXT:
[1] Environmental Valuation: Section: Economics (ECON) - Economics (ECON) - ECON 909
- Environmental Valuation

[2] Prerequisite(s): ECON 926 with a minimum grade of B- and ECON 927 with a minimum
grade of B- and ECON 976 with a minimum grade of B-. Grade Mode: Letter Grading

[3] Environmental Valuation: Section: Economics (ECON) - Economics (ECON) - ECON 909
- Environmental Valuation

[4] Credits: 4 Focuses on the theory and methods for estimating the economic values
of environmental resources and public goods (such as clean air and water,
preservation of wetlands or coastal resources, etc.) many of which are not
exchanged in established markets and therefore do not have prices associated
with them. The valuation of environmental resources is an important component in
benefit-cost analyses which are used in policy making. Provides a blend of
theory and hands-on applications of methods and real data sets. Prerequisite(s):
ECON 926 with a minimum grade of B- and ECON 927 with a minimum grade of B- and
ECON 976 with a minimum grade of B-.

[5] Degree Requirements: ccessful completion of a program of not less than 30
credits for natural resources and the environment options ... esources:
Environmental Economics (M.S.) - Degree Requirements

[6] An M.S. degree is conferred upon successful completion

[7] Course Requirements or Equivalents: esources: Environmental Economics (M.S.) -
Degree Requirements - Course Requirements or Equivalents

[8] The thesis option will provide a research-based thesis that is the foundation
for a peer-reviewed publication. The directed research option is a
professionally ... scholarship. An approved program of study plan is required
during the first semester.

[9] Course Requirements or Equivalents: Section: Natural Resources: Environmental
Economics (M.S.) - Natural Resources: Environmental Economics (M.S.) - Degree
Requirements - Course Requirements or Equivalents

[10] If you are supported on a Teaching Assistantship, you are required to take NR
900 Teaching Assistantship Practicum , during your first semester. Or other
alternative with approval from the Graduate Coordinator. The thesis option will
provide a research-based thesis that is the foundation for a peer-reviewed
publication.

================================================================================

QUESTION:
Does ZOOL 810 have a special fee?

ANSWER:
The zool 810 has a special fee.

CONTEXT:
[1] Sharks and Bony Fishes: Section: Zoology (ZOOL) - Zoology (ZOOL) - ZOOL 810 -
Sharks and Bony Fishes

[2] Grade Mode: Letter Grading Special Fee: Yes

[3] Physiology of Fishes: Section: Biological Sciences (DBS) - Biological Sciences
(DBS) - BIOL 873 - Physiology of Fishes

[4] Equivalent(s): ZOOL 873 Grade Mode: Letter Grading Special Fee: Yes

[5] Psychosocial Evaluation and Intervention Lab: Section: Occupational Therapy (OT)
- Occupational Therapy (OT) - OT 860L - Psychosocial Evaluation and Intervention
Lab

[6] Grade Mode: Graduate Credit/Fail grading Special Fee: Yes

[7] Advanced Dairy Management II: Section: Animal Sciences (ANSC) - Animal Sciences
(ANSC) - ANSC 828 - Advanced Dairy Management II

[8] Grade Mode: Letter Grading Special Fee: Yes

[9] Silviculture: Section: Natural Resources (NR) - Natural Resources (NR) - NR 829
- Silviculture

[10] Grade Mode: Letter Grading Special Fee: Yes

================================================================================

QUESTION:
What is the repeat rule for EDC 844?

ANSWER:
CPSO - EDC 844G Grade Mode: Letter Grading Independent Study: Section: Education
(EDC) & EDUC 995 – Independent study Repeat Rule: May be repeated for a maximum
of 8 credits. Equivalent(s): PPOL 997

CONTEXT:
[1] Teacher as Researcher: Section: Education (EDC) CPSO - Education (EDC) CPSO -
EDC 844 - Teacher as Researcher

[2] Repeat Rule: May be repeated up to unlimited times. Equivalent(s): EDU 744G
Grade Mode: Letter Grading

[3] Independent Study: Section: Education (EDUC) - Education (EDUC) - EDUC 995 -
Independent Study

[4] Repeat Rule: May be repeated for a maximum of 8 credits. Grade Mode: Letter
Grading

[5] Advanced Special Topics: Section: Public Policy (PPOL) - Public Policy (PPOL) -
PPOL 897 - Advanced Special Topics

[6] Repeat Rule: May be repeated for a maximum of 6 credits. Equivalent(s): PPOL 997
Grade Mode: Letter Grading

[7] Special Topics: Section: Education (EDUC) - Education (EDUC) - EDUC 998 -
Special Topics

[8] Repeat Rule: May be repeated up to unlimited times. Grade Mode: Letter Grading
Special Fee: Yes

[9] Capstone: Thesis Option: Section: Cybersecurity Policy and Risk Management
(CPRM) - Cybersecurity Policy and Risk Management (CPRM) - CPRM 899 - Capstone:
Thesis Option

[10] Prerequisite(s): (CPRM 720 with a minimum grade of B- or CPRM 820 with a minimum
grade of B-) and CPRM 870 with a minimum grade of B- and (CPRM 879 with a
minimum grade of B- or EDUC 882 with a minimum grade of B-) and (CPRM 790 (may
be taken concurrently) with a minimum grade of B- or CPRM 890 (may be taken
concurrently) with a minimum grade of B-). Repeat Rule: May be repeated for a
maximum of 6 credits. Grade Mode: Letter Grading

================================================================================

QUESTION:
What is MUSI 831?

ANSWER:
Music (MUSI) is a musical instrument that is used to conduct choral rehearsals
and in-school fieldwork.

CONTEXT:
[1] Advanced Instrumental Conducting: al. Repeat Rule: May be repeated for a maximum
of 12 credits. ... Section: Music (MUSI) - Music (MUSI) - MUSI 831 - Advanced
Instrumental Conducting

[2] Credits: 2 Ph

[3] Advanced Instrumental Conducting: Section: Music (MUSI) - Music (MUSI) - MUSI
831 - Advanced Instrumental Conducting

[4] Repeat Rule: May be repeated for a maximum of 12 credits. Grade Mode: Letter
Grading Special Fee: Yes

[5] Techniques and Methods in Choral Music: Section: Music (MUSI) - Music (MUSI) -
MUED 841 - Techniques and Methods in Choral Music

[6] Credits ... choral rehearsal, in-school fieldwork. This class requires a
fieldwork component. Students will conduct rehearsals at Oyster River

[7] Teaching Secondary School Music: Section: Music (MUSI) - Music (MUSI) - MUED 891
- Teaching Secondary School Music

[8] Credits: 3 Assembling, managing, and teaching junior/senior high school music
curriculum. Academic issues of philosophy, curriculum building, application of
learning theories, administration, evaluation, motivation, and classroom
management combined with field experience in lesson planning and
teaching/rehearsal techniques. Grade Mode: Letter Grading

[9] Advanced Composition: Section: Music (MUSI) - Music (MUSI) - MUSI 877 - Advanced
Composition

[10] Credits: 1-4 Continuation of . Individual compositional projects. May be
repeated for credit.

================================================================================

QUESTION:
What is ANSC 810?

ANSWER:
Ansc 810 is a chemical compound that is used in dairy farming.

CONTEXT:
[1] Dairy Nutrition: Animal Sciences (ANSC) - Animal Sciences (ANSC) - ANSC 810 -
Dairy Nutrition

[2] Credits: 4 Feeding and related

[3] Advanced Dairy Management I: Animal Sciences (ANSC) - Animal Sciences (ANSC) -
ANSC 827 - Advanced Dairy Management I

[4] Credits: 4 Advance

[5] Advanced Dairy Management II: Section: Animal Sciences (ANSC) - Animal Sciences
(ANSC) - ANSC 828 - Advanced Dairy Management II

[6] Credits: 4 Advanced management evaluation of dairy cattle, housing, milking
equipment, milk quality, record keeping, herd health, financial, personnel
management, environmental issues. Visits to farms in the area to provide
critical assessments of dairy farm businesses. Grade Mode: Letter Grading

[7] Doctoral Research: Section: Animal Sciences (ANSC) - Animal Sciences (ANSC) -
ANSC 999 - Doctoral Research

[8] Credits: 0 Doctoral Research. Grade Mode: Graduate Credit/Fail grading

[9] Clinical Nutrition: Section: Nutritional Sciences (NUTR) - Nutritional Sciences
(NUTR) - NUTR 873 - Clinical Nutrition

[10] Equivalent(s): ANSC 873 Grade Mode: Letter Grading

================================================================================

QUESTION:
What is ACFI 820?

ANSWER:
Accounting Information Systems: Finance (ACFI) - Accounting and Finance, ACFI
890 – Accounting information systems Credits: 3 Acco Financial Institutions.

CONTEXT:
[1] Accounting Information Systems: Finance (ACFI) - Accounting and Finance (ACFI) -
ACFI 890 - Accounting Information Systems

[2] Credits: 3 Acco

[3] Financial Institutions: Section: Accounting and Finance (ACFI) - Accounting and
Finance (ACFI) - ACFI 805 - Financial Institutions

[4] Credits: 3 This course explores the financial institutions that create credit
and liquidity for businesses and other borrowers, the financial instruments that
facilitate credit and liquidity creation, and the markets in which those
instruments are sold or traded. Special emphasis is paid to commercial banks.
Prerequisite(s): ACFI 801 with a minimum grade of B- and ACFI 802 with a minimum
grade of B-.

[5] Financial Modeling and Analytics: Section: Accounting and Finance (ACFI) -
Accounting and Finance (ACFI) - ACFI 806 - Financial Modeling and Analytics

[6] Credits: 3 The main objective of the course is to bridge the gap between theory
and practice by using software applications and real-world data to solve a
variety of financial problems. The course is very 'hands-on' and is expected to
help students develop skills that are useful in a variety of jobs in finance,
accounting, insurance, and real estate. Prerequisite(s): ACFI 801 (may be taken
concurrently) with a minimum grade of B- and ACFI 802 (may be taken
concurrently) with a minimum grade of B-.

[7] Financial Theory: Section: Accounting and Finance (ACFI) - Accounting and
Finance (ACFI) - ACFI 871 - Financial Theory

[8] Prerequisite(s): ACFI 801 with a minimum grade of B- and ACFI 802 with a minimum
grade of B- and ACFI 870 (may be taken concurrently) with a minimum grade of B-.
Repeat Rule: May be repeated for a maximum of 6 credits. Grade Mode: Letter
Grading

[9] Equity Analysis and Firm Valuation: Section: Accounting and Finance (ACFI) -
Accounting and Finance (ACFI) - ACFI 807 - Equity Analysis and Firm Valuation

[10] at UNH. Prerequisite(s): ACFI 801 with a minimum grade of B- and ACFI 802 with a
minimum grade of B- and ACFI 872 with a minimum grade of B-. Repeat Rule: May be
repeated for a maximum of 6 credits.

================================================================================

QUESTION:
Tell me about CEE 806

ANSWER:
CEE 854 Grade Mode: Letter Grading is a type of grading system that is used to
design and design structures.

CONTEXT:
[1] Transportation Engineering Highway Geometric Design: Section: Civil and
Environmental Engineering (CEE) - Civil and Environmental Engineering (CEE) -
CEE 804 - Transportation Engineering Highway Geometric Design

[2] Equivalent(s): CIE 854 Grade Mode: Letter Grading

[3] Environmental Engineering Microbiology: Section: Civil and Environmental
Engineering (CEE) - Civil and Environmental Engineering (CEE) - CEE 824 -
Environmental Engineering Microbiology

[4] Equivalent(s): CIE 856 Grade Mode: Letter Grading

[5] Structural Design in Steel: Section: Civil and Environmental Engineering (CEE) -
Civil and Environmental Engineering (CEE) - CEE 893 - Structural Design in Steel

[6] Equivalent(s): CIE 893 Grade Mode: Letter Grading

[7] Solid Waste Facility and Remediation System Design: Section: Civil and
Environmental Engineering (CEE) - Civil and Environmental Engineering (CEE) -
CEE 832 - Solid Waste Facility and Remediation System Design

[8] Equivalent(s): CIE 848 Grade Mode: Letter Grading

[9] Dynamics of Structures: Section: Civil and Environmental Engineering (CEE) -
Civil and Environmental Engineering (CEE) - CEE 881 - Dynamics of Structures

[10] Prerequisite(s): CEE 880 with a minimum grade of B-. Equivalent(s): CIE 887
Grade Mode: Letter Grading

================================================================================

QUESTION:
What's JUST 802 about?

ANSWER:
Using Python as a programming language to write, implement, and design programs
that are relevant to various aspects of programming.

CONTEXT:
[1] Programming in Healthcare Environments: Section: Health Management & Policy
(HMP) - Health Management & Policy (HMP) - HDS 802 - Programming in Healthcare
Environments

[2] Credits: 3 This course covers using Python as a programming language to write,
implement, and design programs that are relevant to various aspects of
programming in a health setting. After completion of this course, students
should be comfortable with the basic data structures in Python and R (including
arrays, dictionaries, and dataframes), conditional logic and iterators, writing
Python and R functions, and using Python libraries to read external data and
perform data manipulations and data analysis. Grade Mode: Letter Grading

[3] View Course Learning Outcomes: Section: Computer/Information Tech (CMPL) -
Computer/Information Tech (CMPL) - CMPL 802 - Managing Virtualization and Cloud
Systems - View Course Learning Outcomes

[4] Design and execute effective migration strategies for moving applications and
data to a cloud computing environment according to project specifications and
available infrastructure. Construct and manage cloud-based networks using
advanced IP addressing, subnetting, and virtual networking technologies across
major cloud platforms according to project specifications, feasibility, and
other constraints. Configure and manage virtual machines according to project
specifications and long-term implementation needs. Employ open-source and
proprietary automation tools to streamline cloud operations according to project
specifications and security standards. Apply industry-compliant Cloud Security
Best Practice strategies for protecting virtual networks and data against common
threats.

[5] Managing Virtualization and Cloud Systems: Section: Computer/Information Tech
(CMPL) - Computer/Information Tech (CMPL) - CMPL 802 - Managing Virtualization
and Cloud Systems

[6] Credits: 3 Through theoretical and practical exercises, students design and
configure cloud and virtual environments essential to managing cloud
technologies. Students engage directly with foundational cloud concepts, virtual
hardware, migration strategies, and networking to develop cloud security,
identity management, storage, and performance management implementations.
Emphasis is on employing automated processes in maintaining and optimizing cloud
resources, and using platforms like AWS, Microsoft Azure, and Google Cloud
Platform. Grade Mode: Graduate Credit/Fail grading

[7] View Course Learning Outcomes: Section: Computer/Information Tech (CMPL) -
Computer/Information Tech (CMPL) - CMPL 802 - Managing Virtualization and Cloud
Systems - View Course Learning Outcomes

[8] Employ open-source and proprietary automation tools to streamline cloud
operations according to project specifications and security standards. Apply
industry-compliant Cloud Security Best Practice strategies for protecting
virtual networks and data against common threats. Use industry-standard
diagnostic methods to troubleshoot cloud connectivity and network issues using
command-line interface (CLI) tools.

[9] Principles of Intervention: Section: Communication Sciences & Disorders (COMM) -
Communication Sciences & Disorders (COMM) - COMM 802 - Principles of
Intervention

[10] Credits: 2 An introduction to the clinical process. Part I emphasizes the theory
and practice of interventions. Part II addresses oral and written communication
involved in the clinical process, the importance of clinical writing, and common
reports/documents. CSD majors only. Grade Mode: Letter Grading

================================================================================

QUESTION:
What's the culminating project for the Justice Studies program?

ANSWER:
The Master of Arts degree program in Justice Studies (MAJS) provides a broad
understanding of justice, crime, and law. It provides tools for reasoned
appraisal of how the justice system works and what policies underlie it.

CONTEXT:
[1] Culminating Project: Section: Justice Studies (JUST) - Justice Studies (JUST) -
JUST 897 - Culminating Project

[2] Credits: 4 Students conduct a project related to their internship under the
supervision of a faculty member. Projects might include an evaluation of a
community policing program, interviews with battered women in a shelter, or a
survey of corporal punishment. Grade Mode: Graduate Credit/Fail grading

[3] Justice Studies (M.A.): Section: Justice Studies (M.A.) - Justice Studies (M.A.)

[4] https://cola.unh.edu/justice-studies/program/ma/justice-studies The Master of
Arts degree program in Justice Studies (MAJS) provides a broad understanding of
justice, crime, and law. It provides tools for reasoned appraisal of how the
justice system works and what policies underlie it. The program familiarizes
students with legal and justice ideas, justice institutions, and legal
processes. It draws on a variety of disciplines, subjects, and research
methodologies for its core knowledge. Our students work closely with faculty
with established reputations as scholars, teachers, and practitioners.

[5] Applied Research Methods: Section: Justice Studies (JUST) - Justice Studies
(JUST) - JUST 807 - Applied Research Methods

[6] Credits: 4 This is the second course in the Justice Studies graduate program
sequence on research methods and it focuses on how to conduct applied research
in the Justice Studies field including how to use quantitative methods in more
applied settings and specific research tools frequently used in applied settings
(e.g. qualitative methods and program evaluation). Students will work on a class
research project as well as their own individual projects. Grade Mode: Letter
Grading

[7] Degree Offered: M.A.: Section: Justice Studies (JUST) - Justice Studies (JUST) -
Degree Offered: M.A.

[8] This program is offered in Durham. The goal of the master of arts degree program
in justice studies is to produce graduates who have a high level of knowledge
about law and justice in American society and worldwide. Upon completion,
graduates will be able to enhance their careers in the justice system, enter new
careers in the justice system, or continue their graduate training in law,
social sciences, or humanities. The program addresses issues of justice that are
not necessarily criminal in nature. It will familiarize students with legal and
justice ideas, legal institutions, and the legal process. It will provide tools
for a reasoned appraisal of how the law works and of the policies that underlie
it. The courses address a wide variety of subjects, including philosophy of law,
American legal history, psychological aspects of the law, social control,
criminology, juvenile delinquency, law and literature, and family law. Courses
are taught by faculty with backgrounds in both the social sciences and
humanities.

[9] Program Learning Outcomes: Section: Justice Studies (M.A.) - Justice Studies
(M.A.) - Program Learning Outcomes

[10] Demonstrate critical thinking and analysis of justice studies concepts and
literature. Effectively communicate Justice Studies concepts and research.
Present and interpret quantitative and qualitative data. Demonstrate the
technical skills and ethical skills that are appropriate for a practitioner
(internship/project option) or researcher (thesis option) working in the justice
field.

================================================================================

QUESTION:
What's the repeat rule for JUST 899?

ANSWER:
The same applies to all courses in the same academic discipline.

CONTEXT:
[1] Master's Thesis: Section: Recreation Management and Policy (RMP) - Recreation
Management and Policy (RMP) - RMP 899 - Master's Thesis

[2] Repeat Rule: May be repeated for a maximum of 6 credits. Grade Mode: Graduate
Credit/Fail grading

[3] Advanced Special Topics: Section: Public Policy (PPOL) - Public Policy (PPOL) -
PPOL 897 - Advanced Special Topics

[4] Repeat Rule: May be repeated for a maximum of 6 credits. Equivalent(s): PPOL 997
Grade Mode: Letter Grading

[5] Teaching Practicum: (RMP) - Recreation Management and Policy (RMP) - RMP 970 -
Teaching Practicum

[6] Repeat Rule: May be repeate

[7] Independent Study: Section: Recreation Management & Policy (RMP) - Recreation
Management & Policy (RMP) - RMP 980 - Independent Study

[8] Repeat Rule: May be repeated for a maximum of 6 credits. Grade Mode: Letter
Grading

[9] Special Topics: Section: Education (EDUC) - Education (EDUC) - EDUC 998 -
Special Topics

[10] Repeat Rule: May be repeated up to unlimited times. Grade Mode: Letter Grading
Special Fee: Yes

================================================================================

