QUESTION:
Is Analytics an online program?

ANSWER:
The Introduction to Data Science Certificate is an online 16 week graduate
program that exposes students to current, cutting edge data programming,
statistical modeling and visualization tools through guided, online instruction
and applied case studies. This certificate program offers a flexible,
short-­turnaround time to completion allowing busy employees to participate.
Enjoy applied learning in a self­-paced but facilitated environment with course
instructors and a student success coach.

CONTEXT:
[1] WEBCAT: Students receive billing statements, register, and view grades, student
accounts, and financial aid awards through Webcat, a part of MyUNH.

[2] Continuous Registration Policy: Students enrolled only in an online program or a
certificate program are exempt from the Graduate School’s continuous enrollment
policy.

[3] Academic and Support Services: Information Technology (IT)

[4] UNH Online: UNH Online students receive the same high quality education and
University of New Hampshire diploma as students studying on campus. Online
programs & courses offer flexibility, intimate class sizes, and high quality
technology solutions to enhance the learning experience.

[5] UNH Online: https://online.unh.edu/

================================================================================

QUESTION:
Is a teaching experience required for the Chemistry program?

ANSWER:
All chemistry Doctoral and Master of Science degree candidates will obtain some
teaching experience during their program.

CONTEXT:
[1] Academic Regulations and Degree Requirements: Degree Requirements

[2] Degree Requirements: Ph.D. Requirements

[3] Degree Requirements: Educational Specialist Degree

[4] Degree Requirements: Master's Degree Requirements

[5] Capstone Experience: The most appropriate capstone experience(s) for each
program is determined by the faculty of each program. Such experiences may
include a single integrative course, a performance, an internship or praxis, a
portfolio, a scholarly paper or essay, an examination, a research problem, a
research project, or a thesis, and are subject to approval of the dean of the
Graduate School. All master’s degrees at UNH must include a capstone experience.

================================================================================

QUESTION:
What are the admission requirements for Biological Sciences (DBS)?

ANSWER:
Applicants ordinarily will have completed an undergraduate major in biology or a
related field. A basic array of courses including general biology, development,
ecology, genetics, morphology, and physiology is recommended; applicants should
have completed organic chemistry and a semester each of calculus and physics.
Applicants whose preparation does not meet these criteria can be admitted to the
program, but may need to remedy any deficiencies via courses that do not give
graduate credit.  All applicants are strongly encouraged to communicate with
potential advisors as part of the application process. Identifying an advisor is
normally a prerequisite for admission.  To contact a potential advisor in the
Marine Biology or Integrative Organismal Biology option, please see the lists of
faculty.

CONTEXT:
[1] Degree Requirements: Ph.D. Requirements

================================================================================

QUESTION:
What does the Spanish (SPAN) program offer?

ANSWER:
The program in Spanish in the Department of Languages, Literatures, and Cultures
offers a Master of Arts degree in Spanish with courses in the following areas:
Topics in Second Language Acquisition, Pedagogy and Methodology; Topics in
Hispanic Literature and Cultural Studies; and Topics in Hispanic Linguistics and
Cultural Studies. The program also supports work in interdisciplinary Hispanic
studies and offers a Graduate Certificate in Spanish.

CONTEXT:
[1] Degree Requirements: Certificate Programs

[2] International Students & Scholars: The Office of International Students and
Scholars (OISS) provides a wide range of services to international students,
faculty, staff and exchange scholars. These services begin before the
international visitors arrive on campus and often continue past the completion
of their programs. OISS services include: Preparation of eligibility documents
for visa issuance along with pre-arrival instructions and information;
Preparation of applications to U.S. immigration offices to secure appropriate
work authorization for international faculty and staff; In-depth and engaging
orientation programs for new students and scholars covering a variety of issues
such as immigration rights and responsibilities, adjusting to life in another
culture, working in the U.S., adapting to the U.S. educational system, area
attractions and services, and much more; A variety of workshops and seminars
covering topics such as immigration and employment and career orientation
seminars; Programming and events such as International Education Week,
international student and scholar lunches, presentation series, graduation
receptions, trips, and much more.

[3] Language/Research Proficiency: Each doctoral program has its own language and/or
research proficiency requirements. These requirements can be found in the
individual program descriptions.

[4] Credits: Each program specifies the number of courses required for the degree.

[5] Graduate Grading: Grades

================================================================================

QUESTION:
Can I take the Social Work (SW) program online?

ANSWER:
Yes. The M.S.W Online Program allows students to earn their Master of Social
Work degree online in 28 months.  M.S.W online students are required to complete
two internships at a program or agency in their local community and work with
Social Work Department internship office to identify acceptable sites.
Internship Seminar and Practice classes will have weekly synchronous online
classes held on Monday or Wednesday evenings.  The online program admits three
times a year (fall, spring, summer).  No campus visits are required at any time.

CONTEXT:
[1] Student Accessibility Services: To request accommodations or learn more about
the services offered within SAS, please contact: (603) 862-2607 (voice), 711
(TTY) or 800-735-2964 (Relay NH); (603) 862-4043 (fax); e-mail
SAS.office@unh.edu ; or visit http://www.unh.edu/studentaccessibility .

[2] International Universities: Students requesting credit transfer from an
international university must have their transcript evaluated by a third party
before submitting a transfer request. World Education Services (WES) (
https://www.wes.org ) is the preferred evaluator, but other evaluation services
can be accepted. Students can request that the evaluation service send the final
transcript evaluation directly to the Graduate School.

[3] Continuous Registration Policy: Students enrolled only in an online program or a
certificate program are exempt from the Graduate School’s continuous enrollment
policy.

[4] WEBCAT: Students receive billing statements, register, and view grades, student
accounts, and financial aid awards through Webcat, a part of MyUNH.

[5] UNH Online: https://online.unh.edu/

================================================================================

QUESTION:
What degrees are offered for the Social Work (SW) program?

ANSWER:
The Social Work (SW) program offers M.S.W., M.S.W./M.S., M.S.W./J.D., and
Graduate Certificates.

CONTEXT:
[1] Academic Regulations and Degree Requirements: Degree Requirements

[2] S: Social Work and Juris Doctor Dual Degree (M.S.W./J.D.)

[3] Graduate Certificates: Social Work and Juris Doctor Dual Degree (M.S.W./J.D.)

[4] Graduate Certificates: Social Work (M.S.W.)

[5] S: Social Work (M.S.W.)

================================================================================

QUESTION:
Is the Microbiology (MICR) program offered in Manchester?

ANSWER:
No, the Microbiology (MICR) program is not offered in Manchester. It is
available at the Durham campus.

CONTEXT:
[1] M: Microbiology (MICR)

[2] Degrees Offered: Ph.D., M.S.: The Graduate Program in Microbiology offers:

[3] Degrees Offered: Ph.D., M.S.: Microbiology (M.S.)

[4] Military & Veteran Services: Manchester Campus

[5] Degrees Offered: Ph.D., M.S.: Microbiology (Ph.D.)

================================================================================

QUESTION:
What are the admission requirements for the Genetics program?

ANSWER:
An applicant is expected to have completed basic courses in chemistry,
biological sciences, mathematics, and physics. Otherwise well-qualified
applicants will be permitted to correct deficiencies in undergraduate education
by enrollment in the appropriate courses or by independent study during the
first year. Applicants must submit a personal statement and three letters of
recommendation. If possible, the personal statement should specify the
applicant's research interests and names of potential faculty mentors.
Applicants from non­-English­-speaking countries must submit current TOEFL
scores in addition to the items listed above.

CONTEXT:
[1] Degree Requirements: Ph.D. Requirements

[2] Academic Regulations and Degree Requirements: It is the student's responsibility
to become familiar with the academic regulations and degree requirements of the
Graduate School as well as the special requirements of their own academic
program. The general requirements of the Graduate School are found in the
catalog. Individual program requirements may be found in the catalog or obtained
from the respective department.

[3] Academic Regulations and Degree Requirements: Degree Requirements

[4] Credits: Each program specifies the number of courses required for the degree.

[5] Degree Conferral: All degree requirements and coursework must be completed prior
to the degree conferral date. Graduate students MUST have a cumulative GPA of
3.0 or higher in order to graduate.

================================================================================

QUESTION:
Are there any graduate programs in environmental science?

ANSWER:
UNH offers environmental science programs through multiple departments including
Natural Resources and the Environment, Earth Sciences, and Civil and
Environmental Engineering. These programs focus on environmental policy,
ecology, sustainability, and environmental engineering applications.

CONTEXT:
[1] Academic Regulations and Degree Requirements: Graduate Courses

[2] Natural Resources and the Environment (M.S.): Possible career trajectories are
diverse. Some graduates pursue private sector environmental and social science
consulting. Others seek positions in planning, environmental protection,
research, or resource management with federal or state agencies (e.g., NOAA,
USDA, EPA, NRCS), private industry, or with non-governmental organizations.
Graduates from the environmental economics option may also find careers in
agribusiness or banking. Graduates may choose to pursue advanced study at the
doctoral level.

[3] Degree Offered: M.S., Certificate: Possible career trajectories are diverse.
Some graduates pursue private sector environmental and social science
consulting. Others seek positions in planning, environmental protection,
research, or resource management with federal or state agencies (e.g., NOAA,
USDA, EPA, NRCS), private industry, or with non-governmental organizations.
Graduates from the environmental economics option may also find careers in
agribusiness or banking. Graduates may choose to pursue advanced study at the
doctoral level.

[4] Natural Resources: Environmental Conservation and Sustainability: Students in
the Environmental Conservation and Sustainability option typically have a BS/BA
degree or strong background in environmental and natural resource sciences with
a keen interest in combining the natural sciences with the social sciences.
Those without this background may be accepted upon completion of some additional
fundamental courses. Areas of interest include natural resource policy,
conservation biology, sustainability, ecological ethics and values,
international environmental affairs, and spatial data analysis (remote sensing
and GIS).

[5] Admission Requirements: For more information on the Civil and Environmental
Engineering Graduate Program, please email CEE.Graduate@unh.edu .

================================================================================

QUESTION:
I'm interested in psychology. What graduate options are available?

ANSWER:
The Psychology department offers M.A. and Ph.D. programs with specializations in
areas such as developmental psychology, social psychology, cognitive psychology,
and clinical psychology. The programs emphasize both research and applied
experience.

CONTEXT:
[1] Academic Regulations and Degree Requirements: Graduate Courses

[2] General Information: Graduate Education

[3] Academic and Support Services: Psychological and Counseling Services

[4] Degree Requirements: Doctoral Degrees

[5] Interdisciplinary Programs: The Graduate School encourages and supports
interdisciplinary study within existing programs and in the form of new and
innovative graduate curricula. While self­-designed courses of study are not
available at the University, many of our programs offer a range of electives,
cross­-disciplinary study, and independent projects that allow students to
tailor their work to reflect individual interests. This is especially true at
the doctoral level. In addition, the Graduate School oversees intercollegiate
programs that involve faculty and coursework from more than one school or
college. Intercollegiate programs offer students the opportunity to pursue new
and emerging fields of study that draw upon multiple disciplines, leading to
solid disciplinary foundations as well as cross­-disciplinary skills useful for
solving new social and scientific problems. Opportunities for interdisciplinary
research are also available in the institutes and centers at the University.

================================================================================

QUESTION:
I'm working full-time. Are there flexible graduate programs available?

ANSWER:
UNH offers flexible options including the Online/Hybrid MBA program which gives
you the opportunity to enhance your career with the flexibility to learn on your
own schedule. The Cybersecurity Policy and Risk Management program is also
designed for working professionals with various backgrounds.

CONTEXT:
[1] Academic Regulations and Degree Requirements: Graduate Courses

[2] General Information: Graduate Education

[3] Scholarships for Full-­Time Students: Students who are full­-time may be granted
full­- or half-­tuition scholarships for the academic year or semester. These
awards provide for waiver of tuition and are subject to the maintenance of a
high scholastic record in the Graduate School. Application is made to the
student's department or program.

[4] Program Learning Outcomes: Graduate students in our Education Specialist degree
program will be able to:

[5] Assistive Technology (Graduate Certificate): Graduates of the program are
prepared to work in collaborative teams and to become leaders in assistive
technology. This online graduate certificate program is appropriate for
individuals pursuing or engaged in the following careers: occupational,
physical, speech, or recreation therapy; rehabilitation counseling; engineering;
education; special education; or nursing. The online program includes optional
ways to obtain hands-on interaction with AT, including one intensive AT day, on
campus, interacting with technology related to each course offered in fall and
spring.

================================================================================

QUESTION:
Which engineering programs offer doctoral degrees?

ANSWER:
Several engineering programs offer Ph.D. degrees including Chemical Engineering,
Bioengineering, Civil and Environmental Engineering, Electrical and Computer
Engineering, Mechanical Engineering, Ocean Engineering, and Systems Design. Each
program requires original research, dissertation completion, and defense under
faculty supervision.

CONTEXT:
[1] Degree Requirements: Doctoral Degrees

[2] Academic Regulations and Degree Requirements: Graduate Courses

[3] Graduate Courses: The faculty of each graduate program prescribes the courses
that make up the degree program. In addition, the Graduate School has general
requirements for master's and doctoral degree programs.

[4] Academic Standards: Doctoral students will have a maximum of two opportunities
to successfully complete qualifying or final examinations for the Ph.D. degree.

[5] Ed.D.: The degree of doctor of education is a terminal doctoral degree that
prepares students for careers in educational leadership. The program curriculum
comprises courses in educational policy, law, budget management, research
methods, and human resources, as well as a research-based capstone. Requirements
for completion of the Ed.D. are found under the program descriptions of the
Department of Education.

================================================================================

QUESTION:
I'm interested in biology. What graduate research areas are available?

ANSWER:
The Biological Sciences program offers several options including Integrative
Biology (M.S. and Ph.D.), Marine Biology (M.S. and Ph.D.), and Neuroscience and
Behavior (M.S. and Ph.D.). The Integrative and Organismal Biology option covers
basic organismal biology in diverse aspects including physiology, neurobiology,
behavior, cell biology, genetics, evolution, ecology, and systematics.

CONTEXT:
[1] Academic Regulations and Degree Requirements: Graduate Courses

[2] Research and Scholarship: The University's research and scholarly activities
range from highly specialized investigations in the physical and biological
sciences to broad interdisciplinary studies.

[3] Interdisciplinary Programs: The Graduate School encourages and supports
interdisciplinary study within existing programs and in the form of new and
innovative graduate curricula. While self­-designed courses of study are not
available at the University, many of our programs offer a range of electives,
cross­-disciplinary study, and independent projects that allow students to
tailor their work to reflect individual interests. This is especially true at
the doctoral level. In addition, the Graduate School oversees intercollegiate
programs that involve faculty and coursework from more than one school or
college. Intercollegiate programs offer students the opportunity to pursue new
and emerging fields of study that draw upon multiple disciplines, leading to
solid disciplinary foundations as well as cross­-disciplinary skills useful for
solving new social and scientific problems. Opportunities for interdisciplinary
research are also available in the institutes and centers at the University.

================================================================================

QUESTION:
Are there any graduate certificate programs in data science?

ANSWER:
The Analytics department offers a Data Science Graduate Certificate. This is an
online 16-week graduate program that exposes students to current, cutting-edge
data programming, statistical modeling and visualization tools through guided,
online instruction and applied case studies.

CONTEXT:
[1] Degrees Offered: Graduate Certificate: Data Science (Graduate Certificate)

[2] D: Data Science (Graduate Certificate)

[3] Data Science (Graduate Certificate): The Introduction to Data Science
Certificate is an online 16 week graduate program that exposes students to
current, cutting edge data programming, statistical modeling and visualization
tools through guided, online instruction and applied case studies. This
certificate program offers a flexible, short-­turnaround time to completion
allowing busy employees to participate. Enjoy applied learning in a self­-paced
but facilitated environment with course instructors and a student success coach.

[4] Degrees Offered: Graduate Certificate: The Introduction to Data Science
Certificate is an online 16 week graduate program that exposes students to
current, cutting edge data programming, statistical modeling and visualization
tools through guided, online instruction and applied case studies. This
certificate program offers a flexible, short-­turnaround time to completion
allowing busy employees to participate. Enjoy applied learning in a self­-paced
but facilitated environment with course instructors and a student success coach.

[5] Academic Regulations and Degree Requirements: Graduate Courses

================================================================================

QUESTION:
What graduate programs are available in the arts?

ANSWER:
UNH offers graduate programs in various arts disciplines including Art History,
Studio Art, Music, and Theatre. These programs may offer M.A., M.F.A., or M.M.
degrees depending on the specific field and focus area.

CONTEXT:
[1] Academic Regulations and Degree Requirements: Graduate Courses

[2] General Information: Graduate Education

[3] Music: Composition (M.A.): The master of arts in composition option offers the
opportunity for in-depth study of music composition. Some graduates of the
program will go on to earn a doctoral degree in composition or music theory,
while others will seek careers as film and theater composers, sound designers,
teachers, and freelance writers. The program is responsive to the individual
ambitions of its students to prepare them for their professional careers in the
best way possible.

[4] Program Learning Outcomes: Demonstrate the ability to carry out graduate work in
different disciplines in the College of Liberal Arts and possibly in other
Colleges.

[5] M.S. Exam Option: This graduate program is approved to be taken on an
accelerated basis in articulation with certain undergraduate degree programs.

================================================================================

QUESTION:
Are there any accelerated bachelor's to master's programs?

ANSWER:
UNH offers accelerated programs that allow qualified undergraduates to begin
graduate coursework during their senior year, potentially reducing the time to
complete both degrees. These programs are available in select departments and
require early application.

CONTEXT:
[1] Accelerated Master's Program: gradschool.unh.edu/academics/accelerated-masters-
program

[2] Accelerated Master's Overview: Accelerated Master’s programs offer qualified
University of New Hampshire undergraduate students the opportunity to begin
graduate coursework in select graduate programs while completing a bachelor’s
degree. Accelerated master's programs are designed to provide students with an
efficient and cost-effective pathway to earn both a bachelor's and master's
degree or graduate certificate, enhancing career opportunities and long-term
earning potential.

[3] Accelerated Master's Overview: Accelerated Master’s programs offer qualified
University of New Hampshire undergraduate students the opportunity to begin
graduate coursework in select graduate programs while completing a bachelor’s
degree. Accelerated master's programs are designed to provide students with an
efficient and cost-effective pathway to earn both a bachelor's and master's
degree or graduate certificate, enhancing career opportunities and long-term
earning potential.

[4] Accelerated Master's Overview: Accelerated Master’s programs offer qualified
University of New Hampshire undergraduate students the opportunity to begin
graduate coursework in select graduate programs while completing a bachelor’s
degree. Accelerated master's programs are designed to provide students with an
efficient and cost-effective pathway to earn both a bachelor's and master's
degree or graduate certificate, enhancing career opportunities and long-term
earning potential.

[5] Accelerated Master's Overview: Accelerated Master’s programs offer qualified
University of New Hampshire undergraduate students the opportunity to begin
graduate coursework in select graduate programs while completing a bachelor’s
degree. Accelerated master's programs are designed to provide students with an
efficient and cost-effective pathway to earn both a bachelor's and master's
degree or graduate certificate, enhancing career opportunities and long-term
earning potential.

================================================================================

QUESTION:
I'm interested in studying computer science at the graduate level. What options
do I have?

ANSWER:
The Computer Science department offers Ph.D. and M.S. degrees. The M.S. program
has three options: thesis, project, and exam. The Ph.D. program requires
students to complete original research and present and defend a dissertation
describing that research.

CONTEXT:
[1] Academic Regulations and Degree Requirements: Graduate Courses

================================================================================

QUESTION:
Are there any online MBA programs available?

ANSWER:
UNH offers multiple M.B.A. options including Full-Time M.B.A., Online/Hybrid
M.B.A., and dual degree programs. The Online/Hybrid MBA program is nationally
ranked by U.S. News & World Report and gives you the opportunity to enhance your
career with the flexibility to learn on your own schedule.

CONTEXT:
[1] Degree Offered: MBA: Online and Hybrid MBA

[2] Degree Offered: MBA: Our nationally ranked Online MBA program has rapidly become
our most popular MBA model. The curriculum allows students to mix and match
online and/or face-to-face course offerings. The same great faculty who teach in
our other programs teach classes asynchronously, adding to the flexibility of
the online option. The quality of our student and faculty engagement and the
services and technology support available make our online program stand out.
Online MBA students have the flexibility to begin their program during any of
the five term starts throughout the calendar year.

[3] Business Administration: Online/Hybrid (M.B.A.): The Online/Hybrid MBA program
is nationally ranked by U.S. News & World Report and gives you the opportunity
to enhance your career with the flexibility to learn on your own schedule.

[4] Business Administration: Online/Hybrid (M.B.A.):
https://paulcollege.unh.edu/program/mba/business-administration-online-or-hybrid

[5] Degree Offered: MBA: MBA programs are offered in Durham, on New Hampshire’s
seacoast, or a 100% online option is also available.

================================================================================

QUESTION:
I want to become a teacher. What certification programs are available?

ANSWER:
The College of Professional Studies offers numerous teacher certification
programs including Early Childhood Education & Early Childhood Special
Education, Elementary Education Grades K-8, General Special Education, Life
Sciences Grades 7-12, Mathematics (Middle Level and Upper Level), Reading &
Writing Specialist, and Digital Learning Specialist.

CONTEXT:
[1] Post-Baccalaureate Teacher Certifications: Elementary Education, Grades K-8
(Teacher Certification for Already Certified Teachers)

[2] Post-Baccalaureate Teacher Certifications: Mathematics, Middle Level (Teacher
Certification for Already Certified Teachers)

[3] Post-Baccalaureate Teacher Certifications: Reading and Writing Teacher (Teacher
Certification for Already Certified Teachers)

[4] Post-Baccalaureate Teacher Certifications: Learning Disabilities (Teacher
Certification for Already Certified Teachers)

[5] Post-Baccalaureate Teacher Certifications: Mathematics, Upper Level (Teacher
Certification for Already Certified Teachers)

================================================================================

QUESTION:
What nursing specializations can I pursue at the graduate level?

ANSWER:
UNH offers several nursing graduate specializations including Adult-Gerontology
Acute Care Nurse Practitioner, Clinical Nurse Leader, Primary Care Family Nurse
Practitioner, and Psychiatric-Mental Health Nurse Practitioner. These programs
are available at both M.S. and D.N.P. levels, with post-master's certificates
also available for some specializations.

CONTEXT:
[1] DNP: The degree of doctor of nursing practice is a practice based doctorate that
prepares nurses for the highest level of specialized nursing practice. DNP
graduates are prepared to translate evidence into practice, improve systems of
care, and measure health outcomes in diverse settings. Graduates of the DNP
program are prepared for culturally competent, evidence-­based, system-based
care, interprofessional collaboration and leadership. DNP graduates are
distinguished by their abilities to affect practice, design and implement
programs that improve health and healthcare delivery, apply data management and
informatics skills to evaluate programs, outcomes, and care systems, and
influence health policy. Requirements for completion of the D.N.P. are found
under the program descriptions of the Department of Nursing.

================================================================================

QUESTION:
Can I design my own interdisciplinary graduate program?

ANSWER:
The Liberal Studies program offers a Master of Arts in Liberal Studies
(M.A.L.S.) degree. This interdisciplinary program allows students to design
their own course of study drawing from multiple academic disciplines to meet
their personal and professional goals.

CONTEXT:
[1] Interdisciplinary Programs: The Graduate School encourages and supports
interdisciplinary study within existing programs and in the form of new and
innovative graduate curricula. While self­-designed courses of study are not
available at the University, many of our programs offer a range of electives,
cross­-disciplinary study, and independent projects that allow students to
tailor their work to reflect individual interests. This is especially true at
the doctoral level. In addition, the Graduate School oversees intercollegiate
programs that involve faculty and coursework from more than one school or
college. Intercollegiate programs offer students the opportunity to pursue new
and emerging fields of study that draw upon multiple disciplines, leading to
solid disciplinary foundations as well as cross­-disciplinary skills useful for
solving new social and scientific problems. Opportunities for interdisciplinary
research are also available in the institutes and centers at the University.

================================================================================

QUESTION:
What marine science programs are offered?

ANSWER:
UNH offers several marine science programs through the School of Marine Science
and Ocean Engineering including Oceanography (M.S. and Ph.D.), Ocean Engineering
(M.S., M.Eng., and Ph.D.), Marine Biology (M.S. and Ph.D.), and Ocean
Engineering: Ocean Mapping (M.S.). There are also graduate certificates
available in Ocean Mapping, Acoustics, Coastal Policy, and Citizen and Community
Science.

CONTEXT:
[1] Research and Facilities: These include the School for Marine Sciences and Ocean
Engineering and its associated programs and facilities:

[2] Doctoral Research: Marine Science and Ocean Engineering faculty

[3] Research and Facilities: Marine Biology (M.S.)

[4] M: Marine Biology (M.S.)

[5] Research and Facilities: Marine Biology (Ph.D.)

================================================================================

QUESTION:
Are there any cybersecurity graduate programs for working professionals?

ANSWER:
The Cybersecurity Policy and Risk Management (CPRM) program is designed for
working professionals with various backgrounds including business, education,
liberal arts, healthcare, IT, finance, homeland security, and law. The program
fosters strategic thinking, policy development and risk management skills in the
cybersecurity field.

CONTEXT:
[1] Career Opportunities: The M.S. in Cybersecurity Engineering program has two
options for completion:

[2] Cybersecurity Policy and Risk Management (CPRM): Cybersecurity and cyber risk
management professionals are needed in every industry and all types of
organizations. Guided by full-time faculty, practicing experts and senior
executives, the CPRM degree fosters the strategic thinking, policy development
and risk management skills that will set you apart in the high-demand
cybersecurity field. Our highly interdisciplinary program is designed for
working professionals with a variety of backgrounds — business, education,
liberal arts, healthcare, IT, finance, homeland security, law and more — so you
do not need an undergraduate degree in a technical field to be successful.

[3] Career Opportunities: Graduates of the Cybersecurity Engineering program are
able to identify, analyze and respond to the complex information security
threats that are increasingly common in today's digital landscape. You'll learn
skills in core and advanced information security, preparing you to develop,
integrate and evaluate secure IT systems and services for any organization.

[4] Degrees Offered: M.S.: Cybersecurity Engineering (M.S.)

[5] C: Cybersecurity Engineering (M.S.)

================================================================================

